<?xml version="1.0" encoding="UTF-8"?>
<!-- Generated by org.testng.reporters.JUnitXMLReporter -->
<testsuite hostname="DESKTOP-U067ESR" ignored="0" name="Default test" tests="3" failures="0" timestamp="2020-07-13T02:59:56 IST" time="2.459" errors="0">
  <testcase name="testResponseBody" time="2.182" classname="com.weather.core.WeatherApiResponse"/>
  <testcase name="testResponseCode" time="0.118" classname="com.weather.core.WeatherApiResponse"/>
  <testcase name="testbody" time="0.117" classname="com.weather.core.WeatherApiResponse"/>
</testsuite> <!-- Default test -->
