<?xml version="1.0" encoding="UTF-8"?>
<!-- Generated by org.testng.reporters.JUnitXMLReporter -->
<testsuite hostname="DESKTOP-U067ESR" ignored="0" name="Test" tests="1" failures="1" timestamp="2020-06-29T01:14:48 IST" time="0.061" errors="0">
  <testcase name="gotoWeather" time="0.011" classname="com.weather.testcases.WeatherUI">
    <failure type="java.lang.NullPointerException">
      <![CDATA[java.lang.NullPointerException
at com.weather.testcases.WeatherUI.gotoWeather(WeatherUI.java:14)
at java.util.ArrayList.forEach(ArrayList.java:1257)
... Removed 27 stack frames]]>
    </failure>
  </testcase> <!-- gotoWeather -->
</testsuite> <!-- Test -->
