<?xml version="1.0" encoding="UTF-8"?>
<!-- Generated by org.testng.reporters.JUnitXMLReporter -->
<testsuite hostname="DESKTOP-U067ESR" ignored="2" name="Test" tests="1" failures="1" timestamp="2020-07-11T02:11:17 IST" time="0.042" errors="0">
  <testcase name="gotoWeather" time="0.0" classname="com.weather.testcases.WeatherUI">
    <failure type="org.testng.TestNGException" message="
Cannot inject @Test annotated Method [gotoWeather] with [class java.lang.String].
For more information on native dependency injection please refer to http://testng.org/doc/documentation-main.html#native-dependency-injection">
      <![CDATA[org.testng.TestNGException: 
Cannot inject @Test annotated Method [gotoWeather] with [class java.lang.String].
For more information on native dependency injection please refer to http://testng.org/doc/documentation-main.html#native-dependency-injection
at java.util.ArrayList.forEach(ArrayList.java:1257)
... Removed 26 stack frames]]>
    </failure>
  </testcase> <!-- gotoWeather -->
  <testcase name="@AfterSuite tearDown" time="0.0" classname="com.weather.core.BaseTest">
    <ignored/>
  </testcase> <!-- @AfterSuite tearDown -->
  <testcase name="@BeforeSuite setUp" time="0.0" classname="com.weather.core.BaseTest">
    <ignored/>
  </testcase> <!-- @BeforeSuite setUp -->
</testsuite> <!-- Test -->
