<?xml version="1.0" encoding="UTF-8"?>
<testng-results skipped="0" failed="0" ignored="0" total="1" passed="1">
  <reporter-output>
  </reporter-output>
  <suite name="Default suite" duration-ms="2317" started-at="2020-06-29T02:14:50 IST" finished-at="2020-06-29T02:14:52 IST">
    <groups>
    </groups>
    <test name="Default test" duration-ms="2317" started-at="2020-06-29T02:14:50 IST" finished-at="2020-06-29T02:14:52 IST">
      <class name="com.weather.testcases.WeatherUI">
        <test-method status="PASS" signature="setUp()[pri:0, instance:com.weather.testcases.WeatherUI@6385cb26]" name="setUp" is-config="true" duration-ms="13304" started-at="2020-06-29T02:14:37 IST" finished-at="2020-06-29T02:14:50 IST">
          <reporter-output>
          </reporter-output>
        </test-method> <!-- setUp -->
        <test-method status="PASS" signature="gotoWeather()[pri:0, instance:com.weather.testcases.WeatherUI@6385cb26]" name="gotoWeather" duration-ms="2209" started-at="2020-06-29T02:14:50 IST" finished-at="2020-06-29T02:14:52 IST">
          <reporter-output>
          </reporter-output>
        </test-method> <!-- gotoWeather -->
      </class> <!-- com.weather.testcases.WeatherUI -->
    </test> <!-- Default test -->
  </suite> <!-- Default suite -->
</testng-results>
